<?xml version="1.0" encoding="UTF-8" ?>
<testsuite tests="1" failures="0" name="hellocucumber.RunCucumberTest" time="1.965" errors="1" skipped="0">
  <properties>
[...]
</properties>
  <testcase classname="Sign in negative case" name="Sign in to gmail with incorrect password" time="1.965">
    <error message="Failed to instantiate class hellocucumber.Stepdefs" type="cucumber.runtime.CucumberException">cucumber.runtime.CucumberException: Failed to instantiate class hellocucumber.Stepdefs
	at cucumber.runtime.java.DefaultJavaObjectFactory.cacheNewInstance(DefaultJavaObjectFactory.java:47)
	at cucumber.runtime.java.DefaultJavaObjectFactory.getInstance(DefaultJavaObjectFactory.java:33)
	at cucumber.runtime.java.JavaStepDefinition.execute(JavaStepDefinition.java:37)
	at cucumber.runtime.StepDefinitionMatch.runStep(StepDefinitionMatch.java:40)
	at cucumber.api.TestStep.executeStep(TestStep.java:102)
	at cucumber.api.TestStep.run(TestStep.java:83)
	at cucumber.api.TestCase.run(TestCase.java:58)
	at cucumber.runner.Runner.runPickle(Runner.java:80)
	at cucumber.runtime.junit.PickleRunners$NoStepDescriptions.run(PickleRunners.java:140)
	at cucumber.runtime.junit.FeatureRunner.runChild(FeatureRunner.java:68)
	at cucumber.runtime.junit.FeatureRunner.runChild(FeatureRunner.java:23)
	at org.junit.runners.ParentRunner$3.run(ParentRunner.java:290)
	at org.junit.runners.ParentRunner$1.schedule(ParentRunner.java:71)
	at org.junit.runners.ParentRunner.runChildren(ParentRunner.java:288)
	at org.junit.runners.ParentRunner.access$000(ParentRunner.java:58)
	at org.junit.runners.ParentRunner$2.evaluate(ParentRunner.java:268)
	at org.junit.runners.ParentRunner.run(ParentRunner.java:363)
	at cucumber.runtime.junit.FeatureRunner.run(FeatureRunner.java:73)
	at cucumber.api.junit.Cucumber.runChild(Cucumber.java:117)
	at cucumber.api.junit.Cucumber.runChild(Cucumber.java:55)
	at org.junit.runners.ParentRunner$3.run(ParentRunner.java:290)
	at org.junit.runners.ParentRunner$1.schedule(ParentRunner.java:71)
	at org.junit.runners.ParentRunner.runChildren(ParentRunner.java:288)
	at org.junit.runners.ParentRunner.access$000(ParentRunner.java:58)
	at org.junit.runners.ParentRunner$2.evaluate(ParentRunner.java:268)
	at cucumber.api.junit.Cucumber$1.evaluate(Cucumber.java:126)
	at org.junit.runners.ParentRunner.run(ParentRunner.java:363)
	at org.apache.maven.surefire.junit4.JUnit4Provider.execute(JUnit4Provider.java:252)
	at org.apache.maven.surefire.junit4.JUnit4Provider.executeTestSet(JUnit4Provider.java:141)
	at org.apache.maven.surefire.junit4.JUnit4Provider.invoke(JUnit4Provider.java:112)
	at sun.reflect.NativeMethodAccessorImpl.invoke0(Native Method)
	at sun.reflect.NativeMethodAccessorImpl.invoke(NativeMethodAccessorImpl.java:62)
	at sun.reflect.DelegatingMethodAccessorImpl.invoke(DelegatingMethodAccessorImpl.java:43)
	at java.lang.reflect.Method.invoke(Method.java:497)
	at org.apache.maven.surefire.util.ReflectionUtils.invokeMethodWithArray(ReflectionUtils.java:189)
	at org.apache.maven.surefire.booter.ProviderFactory$ProviderProxy.invoke(ProviderFactory.java:165)
	at org.apache.maven.surefire.booter.ProviderFactory.invokeProvider(ProviderFactory.java:85)
	at org.apache.maven.surefire.booter.ForkedBooter.runSuitesInProcess(ForkedBooter.java:115)
	at org.apache.maven.surefire.booter.ForkedBooter.main(ForkedBooter.java:75)
Caused by: java.lang.reflect.InvocationTargetException
	at sun.reflect.NativeConstructorAccessorImpl.newInstance0(Native Method)
	at sun.reflect.NativeConstructorAccessorImpl.newInstance(NativeConstructorAccessorImpl.java:62)
	at sun.reflect.DelegatingConstructorAccessorImpl.newInstance(DelegatingConstructorAccessorImpl.java:45)
	at java.lang.reflect.Constructor.newInstance(Constructor.java:422)
	at cucumber.runtime.java.DefaultJavaObjectFactory.cacheNewInstance(DefaultJavaObjectFactory.java:41)
	... 38 more
Caused by: java.lang.RuntimeException: java.lang.InstantiationException: gmail.pages.AboutPage
	at gmail.utills.PageFactoryEx.instantiatePage(PageFactoryEx.java:60)
	at gmail.utills.PageFactoryEx.initElements(PageFactoryEx.java:23)
	at gmail.utills.PageFactoryEx.init(PageFactoryEx.java:14)
	at gmail.utills.BasePage.create(BasePage.java:43)
	at gmail.steps.AboutPageSteps.&lt;init&gt;(AboutPageSteps.java:13)
	at hellocucumber.Stepdefs.&lt;init&gt;(Stepdefs.java:11)
	... 43 more
Caused by: java.lang.InstantiationException: gmail.pages.AboutPage
	at java.lang.Class.newInstance(Class.java:427)
	at gmail.utills.PageFactoryEx.instantiatePage(PageFactoryEx.java:57)
	... 48 more
Caused by: java.lang.NoSuchMethodException: gmail.pages.AboutPage.&lt;init&gt;()
	at java.lang.Class.getConstructor0(Class.java:3082)
	at java.lang.Class.newInstance(Class.java:412)
	... 49 more
</error>
    <system-out>Feature: Sign in negative case
  Sign in to gmail negative case

  Scenario: Sign in to gmail with incorrect password &amp;#27;[90m# hellocucumber/sign_in_negative_case.feature:4&amp;#27;[0m
    &amp;#27;[31mWhen &amp;#27;[0m&amp;#27;[31mFill email &quot;&amp;#27;[0m&amp;#27;[31m&amp;#27;[1mandrewdud89@gmail.com&amp;#27;[0m&amp;#27;[31m&quot;&amp;#27;[0m          &amp;#27;[90m# Stepdefs.fillEmail(String)&amp;#27;[0m
      &amp;#27;[31mcucumber.runtime.CucumberException: Failed to instantiate class hellocucumber.Stepdefs
	at cucumber.runtime.java.DefaultJavaObjectFactory.cacheNewInstance(DefaultJavaObjectFactory.java:47)
	at cucumber.runtime.java.DefaultJavaObjectFactory.getInstance(DefaultJavaObjectFactory.java:33)
	at cucumber.runtime.java.JavaStepDefinition.execute(JavaStepDefinition.java:37)
	at cucumber.runtime.StepDefinitionMatch.runStep(StepDefinitionMatch.java:40)
	at cucumber.api.TestStep.executeStep(TestStep.java:102)
	at cucumber.api.TestStep.run(TestStep.java:83)
	at cucumber.api.TestCase.run(TestCase.java:58)
	at cucumber.runner.Runner.runPickle(Runner.java:80)
	at cucumber.runtime.junit.PickleRunners$NoStepDescriptions.run(PickleRunners.java:140)
	at cucumber.runtime.junit.FeatureRunner.runChild(FeatureRunner.java:68)
	at cucumber.runtime.junit.FeatureRunner.runChild(FeatureRunner.java:23)
	at org.junit.runners.ParentRunner$3.run(ParentRunner.java:290)
	at org.junit.runners.ParentRunner$1.schedule(ParentRunner.java:71)
	at org.junit.runners.ParentRunner.runChildren(ParentRunner.java:288)
	at org.junit.runners.ParentRunner.access$000(ParentRunner.java:58)
	at org.junit.runners.ParentRunner$2.evaluate(ParentRunner.java:268)
	at org.junit.runners.ParentRunner.run(ParentRunner.java:363)
	at cucumber.runtime.junit.FeatureRunner.run(FeatureRunner.java:73)
	at cucumber.api.junit.Cucumber.runChild(Cucumber.java:117)
	at cucumber.api.junit.Cucumber.runChild(Cucumber.java:55)
	at org.junit.runners.ParentRunner$3.run(ParentRunner.java:290)
	at org.junit.runners.ParentRunner$1.schedule(ParentRunner.java:71)
	at org.junit.runners.ParentRunner.runChildren(ParentRunner.java:288)
	at org.junit.runners.ParentRunner.access$000(ParentRunner.java:58)
	at org.junit.runners.ParentRunner$2.evaluate(ParentRunner.java:268)
	at cucumber.api.junit.Cucumber$1.evaluate(Cucumber.java:126)
	at org.junit.runners.ParentRunner.run(ParentRunner.java:363)
	at org.apache.maven.surefire.junit4.JUnit4Provider.execute(JUnit4Provider.java:252)
	at org.apache.maven.surefire.junit4.JUnit4Provider.executeTestSet(JUnit4Provider.java:141)
	at org.apache.maven.surefire.junit4.JUnit4Provider.invoke(JUnit4Provider.java:112)
	at sun.reflect.NativeMethodAccessorImpl.invoke0(Native Method)
	at sun.reflect.NativeMethodAccessorImpl.invoke(NativeMethodAccessorImpl.java:62)
	at sun.reflect.DelegatingMethodAccessorImpl.invoke(DelegatingMethodAccessorImpl.java:43)
	at java.lang.reflect.Method.invoke(Method.java:497)
	at org.apache.maven.surefire.util.ReflectionUtils.invokeMethodWithArray(ReflectionUtils.java:189)
	at org.apache.maven.surefire.booter.ProviderFactory$ProviderProxy.invoke(ProviderFactory.java:165)
	at org.apache.maven.surefire.booter.ProviderFactory.invokeProvider(ProviderFactory.java:85)
	at org.apache.maven.surefire.booter.ForkedBooter.runSuitesInProcess(ForkedBooter.java:115)
	at org.apache.maven.surefire.booter.ForkedBooter.main(ForkedBooter.java:75)
Caused by: java.lang.reflect.InvocationTargetException
	at sun.reflect.NativeConstructorAccessorImpl.newInstance0(Native Method)
	at sun.reflect.NativeConstructorAccessorImpl.newInstance(NativeConstructorAccessorImpl.java:62)
	at sun.reflect.DelegatingConstructorAccessorImpl.newInstance(DelegatingConstructorAccessorImpl.java:45)
	at java.lang.reflect.Constructor.newInstance(Constructor.java:422)
	at cucumber.runtime.java.DefaultJavaObjectFactory.cacheNewInstance(DefaultJavaObjectFactory.java:41)
	... 38 more
Caused by: java.lang.RuntimeException: java.lang.InstantiationException: gmail.pages.AboutPage
	at gmail.utills.PageFactoryEx.instantiatePage(PageFactoryEx.java:60)
	at gmail.utills.PageFactoryEx.initElements(PageFactoryEx.java:23)
	at gmail.utills.PageFactoryEx.init(PageFactoryEx.java:14)
	at gmail.utills.BasePage.create(BasePage.java:43)
	at gmail.steps.AboutPageSteps.&lt;init&gt;(AboutPageSteps.java:13)
	at hellocucumber.Stepdefs.&lt;init&gt;(Stepdefs.java:11)
	... 43 more
Caused by: java.lang.InstantiationException: gmail.pages.AboutPage
	at java.lang.Class.newInstance(Class.java:427)
	at gmail.utills.PageFactoryEx.instantiatePage(PageFactoryEx.java:57)
	... 48 more
Caused by: java.lang.NoSuchMethodException: gmail.pages.AboutPage.&lt;init&gt;()
	at java.lang.Class.getConstructor0(Class.java:3082)
	at java.lang.Class.newInstance(Class.java:412)
	... 49 more
&amp;#27;[0m
    &amp;#27;[36mWhen &amp;#27;[0m&amp;#27;[36mFill password &quot;&amp;#27;[0m&amp;#27;[36m&amp;#27;[1m12345&amp;#27;[0m&amp;#27;[36m&quot;&amp;#27;[0m                       &amp;#27;[90m# Stepdefs.fillPassword(String)&amp;#27;[0m
</system-out>
    <system-err>Starting ChromeDriver 2.40.565498 (ea082db3280dd6843ebfb08a625e3eb905c4f5ab) on port 43274
Only local connections are allowed.
июн 19, 2018 11:02:43 PM org.openqa.selenium.remote.ProtocolHandshake createSession
INFO: Detected dialect: OSS
</system-err>
  </testcase>
</testsuite>